04-06 21:48:08, content:r-0.3-5e-5-5e-5
04-06 21:48:08, seed:-1
04-06 21:48:08, crop_size:384
04-06 21:48:08, concat_size:224
04-06 21:48:08, downsample_ratio:8
04-06 21:48:08, data_dir:/db/pszyq1/data/FSC
04-06 21:48:08, config:configs/v1-inference.yaml
04-06 21:48:08, info:datasets/cls_description.json
04-06 21:48:08, sd_path:/db/pszyq1/v1-5-pruned-emaonly.ckpt
04-06 21:48:08, save_dir:history
04-06 21:48:08, max_num:2
04-06 21:48:08, resume:
04-06 21:48:08, batch_size:16
04-06 21:48:08, stride:384
04-06 21:48:08, beta:0.0001
04-06 21:48:08, weight_decay:5e-05
04-06 21:48:08, lr:5e-05
04-06 21:48:08, num_workers:0
04-06 21:48:08, start_epoch:0
04-06 21:48:08, epochs:300
04-06 21:48:08, start_val:50
04-06 21:48:08, val_epoch:1
04-06 21:48:08, Using 1 gpus
04-06 21:48:37, --------------------------------------------------Epoch:0/299--------------------------------------------------
04-06 22:00:33, Epoch 0 Train, reg:0.3237, RRC_stage1:0.7828, RRC_stage2:0.7806, mae:84.73, mse:100.34, Cost: 715.7 sec 
04-06 22:01:17, --------------------------------------------------Epoch:1/299--------------------------------------------------
04-06 22:12:25, Epoch 1 Train, reg:0.2374, RRC_stage1:0.4749, RRC_stage2:0.4504, mae:35.15, mse:58.56, Cost: 668.1 sec 
04-06 22:12:25, --------------------------------------------------Epoch:2/299--------------------------------------------------
04-06 22:23:33, Epoch 2 Train, reg:0.2081, RRC_stage1:0.3580, RRC_stage2:0.3314, mae:22.89, mse:46.44, Cost: 668.1 sec 
04-06 22:23:33, --------------------------------------------------Epoch:3/299--------------------------------------------------
04-06 22:34:41, Epoch 3 Train, reg:0.1952, RRC_stage1:0.3001, RRC_stage2:0.2733, mae:18.90, mse:45.51, Cost: 667.9 sec 
04-06 22:34:41, --------------------------------------------------Epoch:4/299--------------------------------------------------
04-06 22:45:50, Epoch 4 Train, reg:0.1881, RRC_stage1:0.2798, RRC_stage2:0.2503, mae:19.53, mse:50.38, Cost: 668.6 sec 
04-06 22:45:50, --------------------------------------------------Epoch:5/299--------------------------------------------------
04-06 22:57:01, Epoch 5 Train, reg:0.1825, RRC_stage1:0.2471, RRC_stage2:0.2182, mae:19.30, mse:50.05, Cost: 671.4 sec 
04-06 22:57:41, --------------------------------------------------Epoch:6/299--------------------------------------------------
04-06 23:08:49, Epoch 6 Train, reg:0.1800, RRC_stage1:0.2337, RRC_stage2:0.2044, mae:17.36, mse:42.94, Cost: 667.8 sec 
04-06 23:08:49, --------------------------------------------------Epoch:7/299--------------------------------------------------
04-06 23:19:57, Epoch 7 Train, reg:0.1754, RRC_stage1:0.2339, RRC_stage2:0.2021, mae:17.13, mse:44.42, Cost: 667.8 sec 
04-06 23:19:57, --------------------------------------------------Epoch:8/299--------------------------------------------------
04-06 23:31:04, Epoch 8 Train, reg:0.1742, RRC_stage1:0.2363, RRC_stage2:0.2005, mae:16.11, mse:47.18, Cost: 666.9 sec 
04-06 23:31:04, --------------------------------------------------Epoch:9/299--------------------------------------------------
04-06 23:42:11, Epoch 9 Train, reg:0.1718, RRC_stage1:0.2160, RRC_stage2:0.1829, mae:16.28, mse:42.03, Cost: 667.8 sec 
04-06 23:42:11, --------------------------------------------------Epoch:10/299--------------------------------------------------
04-06 23:53:24, Epoch 10 Train, reg:0.1681, RRC_stage1:0.2256, RRC_stage2:0.1888, mae:16.81, mse:44.67, Cost: 672.7 sec 
04-06 23:54:04, --------------------------------------------------Epoch:11/299--------------------------------------------------
04-07 00:05:12, Epoch 11 Train, reg:0.1681, RRC_stage1:0.2009, RRC_stage2:0.1662, mae:15.82, mse:41.13, Cost: 667.5 sec 
04-07 00:05:12, --------------------------------------------------Epoch:12/299--------------------------------------------------
04-07 00:16:21, Epoch 12 Train, reg:0.1656, RRC_stage1:0.1943, RRC_stage2:0.1579, mae:13.22, mse:34.90, Cost: 668.6 sec 
04-07 00:16:21, --------------------------------------------------Epoch:13/299--------------------------------------------------
04-07 00:27:31, Epoch 13 Train, reg:0.1636, RRC_stage1:0.1889, RRC_stage2:0.1544, mae:12.66, mse:36.77, Cost: 670.5 sec 
04-07 00:27:31, --------------------------------------------------Epoch:14/299--------------------------------------------------
04-07 00:38:39, Epoch 14 Train, reg:0.1611, RRC_stage1:0.2035, RRC_stage2:0.1647, mae:13.75, mse:37.48, Cost: 668.1 sec 
04-07 00:38:39, --------------------------------------------------Epoch:15/299--------------------------------------------------
04-07 00:49:51, Epoch 15 Train, reg:0.1613, RRC_stage1:0.1904, RRC_stage2:0.1535, mae:12.79, mse:35.92, Cost: 671.5 sec 
04-07 00:50:34, --------------------------------------------------Epoch:16/299--------------------------------------------------
04-07 01:01:42, Epoch 16 Train, reg:0.1585, RRC_stage1:0.1855, RRC_stage2:0.1485, mae:12.11, mse:33.84, Cost: 668.2 sec 
04-07 01:01:42, --------------------------------------------------Epoch:17/299--------------------------------------------------
04-07 01:12:51, Epoch 17 Train, reg:0.1574, RRC_stage1:0.1856, RRC_stage2:0.1462, mae:12.61, mse:38.59, Cost: 669.0 sec 
04-07 01:12:51, --------------------------------------------------Epoch:18/299--------------------------------------------------
04-07 01:24:00, Epoch 18 Train, reg:0.1559, RRC_stage1:0.1809, RRC_stage2:0.1429, mae:11.40, mse:31.69, Cost: 668.6 sec 
04-07 01:24:00, --------------------------------------------------Epoch:19/299--------------------------------------------------
04-07 01:35:10, Epoch 19 Train, reg:0.1575, RRC_stage1:0.1751, RRC_stage2:0.1394, mae:11.84, mse:31.08, Cost: 669.6 sec 
04-07 01:35:10, --------------------------------------------------Epoch:20/299--------------------------------------------------
04-07 01:46:21, Epoch 20 Train, reg:0.1555, RRC_stage1:0.1841, RRC_stage2:0.1460, mae:10.72, mse:29.88, Cost: 671.6 sec 
04-07 01:47:06, --------------------------------------------------Epoch:21/299--------------------------------------------------
04-07 01:58:15, Epoch 21 Train, reg:0.1551, RRC_stage1:0.1888, RRC_stage2:0.1535, mae:11.78, mse:30.80, Cost: 668.5 sec 
04-07 01:58:15, --------------------------------------------------Epoch:22/299--------------------------------------------------
04-07 02:09:23, Epoch 22 Train, reg:0.1547, RRC_stage1:0.1702, RRC_stage2:0.1341, mae:12.41, mse:34.55, Cost: 668.5 sec 
04-07 02:09:23, --------------------------------------------------Epoch:23/299--------------------------------------------------
04-07 02:20:32, Epoch 23 Train, reg:0.1528, RRC_stage1:0.1649, RRC_stage2:0.1296, mae:12.40, mse:38.00, Cost: 668.8 sec 
04-07 02:20:32, --------------------------------------------------Epoch:24/299--------------------------------------------------
04-07 02:31:39, Epoch 24 Train, reg:0.1501, RRC_stage1:0.1732, RRC_stage2:0.1372, mae:10.64, mse:32.97, Cost: 667.1 sec 
04-07 02:31:39, --------------------------------------------------Epoch:25/299--------------------------------------------------
04-07 02:42:49, Epoch 25 Train, reg:0.1520, RRC_stage1:0.1749, RRC_stage2:0.1404, mae:12.89, mse:40.97, Cost: 670.1 sec 
04-07 02:43:35, --------------------------------------------------Epoch:26/299--------------------------------------------------
04-07 02:54:38, Epoch 26 Train, reg:0.1510, RRC_stage1:0.1597, RRC_stage2:0.1237, mae:12.49, mse:37.09, Cost: 663.1 sec 
04-07 02:54:38, --------------------------------------------------Epoch:27/299--------------------------------------------------
04-07 03:05:44, Epoch 27 Train, reg:0.1492, RRC_stage1:0.1607, RRC_stage2:0.1244, mae:12.19, mse:34.24, Cost: 665.3 sec 
04-07 03:05:44, --------------------------------------------------Epoch:28/299--------------------------------------------------
04-07 03:16:48, Epoch 28 Train, reg:0.1504, RRC_stage1:0.1506, RRC_stage2:0.1169, mae:9.97, mse:29.46, Cost: 664.0 sec 
04-07 03:16:48, --------------------------------------------------Epoch:29/299--------------------------------------------------
04-07 03:28:01, Epoch 29 Train, reg:0.1485, RRC_stage1:0.1545, RRC_stage2:0.1169, mae:11.07, mse:35.86, Cost: 672.9 sec 
04-07 03:28:01, --------------------------------------------------Epoch:30/299--------------------------------------------------
04-07 03:39:19, Epoch 30 Train, reg:0.1476, RRC_stage1:0.1523, RRC_stage2:0.1171, mae:11.67, mse:35.63, Cost: 678.2 sec 
04-07 03:40:00, --------------------------------------------------Epoch:31/299--------------------------------------------------
04-07 03:51:11, Epoch 31 Train, reg:0.1463, RRC_stage1:0.1511, RRC_stage2:0.1160, mae:10.38, mse:29.45, Cost: 671.4 sec 
04-07 03:51:11, --------------------------------------------------Epoch:32/299--------------------------------------------------
04-07 04:02:24, Epoch 32 Train, reg:0.1462, RRC_stage1:0.1552, RRC_stage2:0.1189, mae:10.60, mse:30.99, Cost: 672.8 sec 
04-07 04:02:24, --------------------------------------------------Epoch:33/299--------------------------------------------------
04-07 04:13:38, Epoch 33 Train, reg:0.1456, RRC_stage1:0.1506, RRC_stage2:0.1130, mae:9.11, mse:28.05, Cost: 673.7 sec 
04-07 04:13:38, --------------------------------------------------Epoch:34/299--------------------------------------------------
04-07 04:24:51, Epoch 34 Train, reg:0.1464, RRC_stage1:0.1560, RRC_stage2:0.1186, mae:11.15, mse:37.70, Cost: 673.3 sec 
04-07 04:24:51, --------------------------------------------------Epoch:35/299--------------------------------------------------
04-07 04:36:06, Epoch 35 Train, reg:0.1419, RRC_stage1:0.1533, RRC_stage2:0.1162, mae:9.60, mse:32.69, Cost: 675.4 sec 
04-07 04:36:49, --------------------------------------------------Epoch:36/299--------------------------------------------------
04-07 04:47:59, Epoch 36 Train, reg:0.1389, RRC_stage1:0.1519, RRC_stage2:0.1144, mae:8.46, mse:29.85, Cost: 670.0 sec 
04-07 04:47:59, --------------------------------------------------Epoch:37/299--------------------------------------------------
04-07 04:59:12, Epoch 37 Train, reg:0.1421, RRC_stage1:0.1551, RRC_stage2:0.1174, mae:8.91, mse:23.87, Cost: 673.2 sec 
04-07 04:59:12, --------------------------------------------------Epoch:38/299--------------------------------------------------
04-07 05:10:22, Epoch 38 Train, reg:0.1341, RRC_stage1:0.1490, RRC_stage2:0.1143, mae:7.32, mse:25.91, Cost: 669.2 sec 
04-07 05:10:22, --------------------------------------------------Epoch:39/299--------------------------------------------------
04-07 05:21:32, Epoch 39 Train, reg:0.1405, RRC_stage1:0.1423, RRC_stage2:0.1082, mae:10.10, mse:28.53, Cost: 670.8 sec 
04-07 05:21:32, --------------------------------------------------Epoch:40/299--------------------------------------------------
04-07 05:32:46, Epoch 40 Train, reg:0.1415, RRC_stage1:0.1392, RRC_stage2:0.1069, mae:9.39, mse:26.35, Cost: 673.6 sec 
04-07 05:33:31, --------------------------------------------------Epoch:41/299--------------------------------------------------
04-07 05:44:41, Epoch 41 Train, reg:0.1356, RRC_stage1:0.1389, RRC_stage2:0.1065, mae:8.29, mse:25.17, Cost: 669.5 sec 
04-07 05:44:41, --------------------------------------------------Epoch:42/299--------------------------------------------------
04-07 05:55:50, Epoch 42 Train, reg:0.1347, RRC_stage1:0.1313, RRC_stage2:0.0977, mae:7.95, mse:26.61, Cost: 669.5 sec 
04-07 05:55:50, --------------------------------------------------Epoch:43/299--------------------------------------------------
04-07 06:07:01, Epoch 43 Train, reg:0.1409, RRC_stage1:0.1419, RRC_stage2:0.1046, mae:8.35, mse:26.96, Cost: 670.4 sec 
04-07 06:07:01, --------------------------------------------------Epoch:44/299--------------------------------------------------
04-07 06:18:11, Epoch 44 Train, reg:0.1382, RRC_stage1:0.1379, RRC_stage2:0.1036, mae:8.56, mse:29.18, Cost: 670.1 sec 
04-07 06:18:11, --------------------------------------------------Epoch:45/299--------------------------------------------------
04-07 06:29:24, Epoch 45 Train, reg:0.1373, RRC_stage1:0.1438, RRC_stage2:0.1116, mae:11.00, mse:35.93, Cost: 673.3 sec 
04-07 06:30:03, --------------------------------------------------Epoch:46/299--------------------------------------------------
04-07 06:41:13, Epoch 46 Train, reg:0.1399, RRC_stage1:0.1396, RRC_stage2:0.1055, mae:10.31, mse:30.02, Cost: 670.1 sec 
04-07 06:41:13, --------------------------------------------------Epoch:47/299--------------------------------------------------
04-07 06:52:22, Epoch 47 Train, reg:0.1372, RRC_stage1:0.1378, RRC_stage2:0.1047, mae:9.62, mse:30.96, Cost: 669.3 sec 
04-07 06:52:22, --------------------------------------------------Epoch:48/299--------------------------------------------------
04-07 07:03:33, Epoch 48 Train, reg:0.1385, RRC_stage1:0.1328, RRC_stage2:0.1006, mae:9.36, mse:26.93, Cost: 671.2 sec 
04-07 07:03:33, --------------------------------------------------Epoch:49/299--------------------------------------------------
04-07 07:14:43, Epoch 49 Train, reg:0.1386, RRC_stage1:0.1451, RRC_stage2:0.1096, mae:10.68, mse:34.18, Cost: 669.8 sec 
04-07 07:14:43, --------------------------------------------------Epoch:50/299--------------------------------------------------
04-07 07:25:57, Epoch 50 Train, reg:0.1397, RRC_stage1:0.1368, RRC_stage2:0.1058, mae:10.68, mse:31.32, Cost: 673.8 sec 
04-07 07:30:38, Epoch 50 Val, MAE: 14.68, MSE: 64.80 Cost 239.5 sec
04-07 07:30:52, Save best model: MAE: 14.68 MSE:64.80 model epoch 50
04-07 07:34:05, Epoch 50 Test, MAE: 13.58, MSE: 116.91 Cost 192.6 sec
04-07 07:34:05, --------------------------------------------------Epoch:51/299--------------------------------------------------
04-07 07:45:18, Epoch 51 Train, reg:0.1363, RRC_stage1:0.1370, RRC_stage2:0.1055, mae:9.70, mse:26.28, Cost: 673.2 sec 
04-07 07:48:46, Epoch 51 Val, MAE: 16.09, MSE: 57.29 Cost 208.4 sec
04-07 07:49:02, Save best model: MAE: 16.09 MSE:57.29 model epoch 51
04-07 07:52:13, Epoch 51 Test, MAE: 15.23, MSE: 99.17 Cost 191.8 sec
04-07 07:52:13, --------------------------------------------------Epoch:52/299--------------------------------------------------
04-07 08:03:25, Epoch 52 Train, reg:0.1327, RRC_stage1:0.1413, RRC_stage2:0.1101, mae:7.74, mse:26.72, Cost: 671.5 sec 
04-07 08:06:53, Epoch 52 Val, MAE: 17.16, MSE: 82.70 Cost 207.7 sec
04-07 08:06:53, --------------------------------------------------Epoch:53/299--------------------------------------------------
04-07 08:18:06, Epoch 53 Train, reg:0.1339, RRC_stage1:0.1354, RRC_stage2:0.1027, mae:10.06, mse:30.31, Cost: 673.5 sec 
04-07 08:21:34, Epoch 53 Val, MAE: 16.21, MSE: 65.67 Cost 208.3 sec
04-07 08:21:34, --------------------------------------------------Epoch:54/299--------------------------------------------------
04-07 08:32:46, Epoch 54 Train, reg:0.1351, RRC_stage1:0.1273, RRC_stage2:0.0948, mae:10.30, mse:29.74, Cost: 672.0 sec 
04-07 08:36:14, Epoch 54 Val, MAE: 15.20, MSE: 65.73 Cost 207.6 sec
04-07 08:36:14, --------------------------------------------------Epoch:55/299--------------------------------------------------
04-07 08:47:26, Epoch 55 Train, reg:0.1342, RRC_stage1:0.1295, RRC_stage2:0.0980, mae:9.07, mse:24.64, Cost: 671.8 sec 
04-07 08:51:39, Epoch 55 Val, MAE: 16.62, MSE: 61.06 Cost 208.8 sec
04-07 08:51:39, --------------------------------------------------Epoch:56/299--------------------------------------------------
04-07 09:02:50, Epoch 56 Train, reg:0.1341, RRC_stage1:0.1272, RRC_stage2:0.0931, mae:9.98, mse:35.26, Cost: 670.7 sec 
04-07 09:06:18, Epoch 56 Val, MAE: 17.69, MSE: 64.95 Cost 207.9 sec
04-07 09:06:18, --------------------------------------------------Epoch:57/299--------------------------------------------------
04-07 09:17:30, Epoch 57 Train, reg:0.1345, RRC_stage1:0.1795, RRC_stage2:0.1384, mae:8.08, mse:26.80, Cost: 672.0 sec 
04-07 09:20:57, Epoch 57 Val, MAE: 17.72, MSE: 69.64 Cost 207.5 sec
04-07 09:20:57, --------------------------------------------------Epoch:58/299--------------------------------------------------
04-07 09:32:07, Epoch 58 Train, reg:0.1253, RRC_stage1:0.1603, RRC_stage2:0.1426, mae:6.75, mse:28.18, Cost: 669.9 sec 
04-07 09:35:34, Epoch 58 Val, MAE: 16.27, MSE: 66.57 Cost 207.0 sec
04-07 09:35:34, --------------------------------------------------Epoch:59/299--------------------------------------------------
04-07 09:46:46, Epoch 59 Train, reg:0.1226, RRC_stage1:0.1374, RRC_stage2:0.1130, mae:7.34, mse:25.71, Cost: 671.2 sec 
04-07 09:50:13, Epoch 59 Val, MAE: 15.91, MSE: 65.60 Cost 207.8 sec
04-07 09:50:13, --------------------------------------------------Epoch:60/299--------------------------------------------------
04-07 10:01:30, Epoch 60 Train, reg:0.1204, RRC_stage1:0.1318, RRC_stage2:0.1030, mae:5.81, mse:20.91, Cost: 676.1 sec 
04-07 10:05:39, Epoch 60 Val, MAE: 13.79, MSE: 58.95 Cost 208.0 sec
04-07 10:05:53, Save best model: MAE: 13.79 MSE:58.95 model epoch 60
04-07 10:09:05, Epoch 60 Test, MAE: 11.95, MSE: 98.20 Cost 191.8 sec
04-07 10:09:05, --------------------------------------------------Epoch:61/299--------------------------------------------------
04-07 10:20:14, Epoch 61 Train, reg:0.1192, RRC_stage1:0.1290, RRC_stage2:0.0995, mae:6.37, mse:23.45, Cost: 669.4 sec 
04-07 10:23:42, Epoch 61 Val, MAE: 15.49, MSE: 61.51 Cost 207.6 sec
04-07 10:23:42, --------------------------------------------------Epoch:62/299--------------------------------------------------
04-07 10:34:52, Epoch 62 Train, reg:0.1200, RRC_stage1:0.1243, RRC_stage2:0.0944, mae:6.53, mse:26.65, Cost: 670.6 sec 
04-07 10:38:20, Epoch 62 Val, MAE: 16.63, MSE: 67.29 Cost 207.7 sec
04-07 10:38:20, --------------------------------------------------Epoch:63/299--------------------------------------------------
04-07 10:49:32, Epoch 63 Train, reg:0.1187, RRC_stage1:0.1205, RRC_stage2:0.0929, mae:5.66, mse:21.21, Cost: 671.7 sec 
04-07 10:52:59, Epoch 63 Val, MAE: 15.99, MSE: 69.44 Cost 207.2 sec
04-07 10:52:59, --------------------------------------------------Epoch:64/299--------------------------------------------------
04-07 11:04:10, Epoch 64 Train, reg:0.1182, RRC_stage1:0.1240, RRC_stage2:0.0952, mae:6.28, mse:26.15, Cost: 671.1 sec 
04-07 11:07:38, Epoch 64 Val, MAE: 14.37, MSE: 60.99 Cost 207.6 sec
04-07 11:07:38, --------------------------------------------------Epoch:65/299--------------------------------------------------
04-07 11:18:48, Epoch 65 Train, reg:0.1170, RRC_stage1:0.1255, RRC_stage2:0.0948, mae:6.40, mse:30.07, Cost: 670.5 sec 
04-07 11:22:59, Epoch 65 Val, MAE: 16.36, MSE: 65.98 Cost 207.5 sec
04-07 11:22:59, --------------------------------------------------Epoch:66/299--------------------------------------------------
04-07 11:34:10, Epoch 66 Train, reg:0.1185, RRC_stage1:0.1262, RRC_stage2:0.0925, mae:6.11, mse:26.38, Cost: 670.1 sec 
04-07 11:37:38, Epoch 66 Val, MAE: 15.67, MSE: 65.43 Cost 208.2 sec
04-07 11:37:38, --------------------------------------------------Epoch:67/299--------------------------------------------------
04-07 11:48:49, Epoch 67 Train, reg:0.1240, RRC_stage1:0.1296, RRC_stage2:0.0977, mae:7.59, mse:26.63, Cost: 670.9 sec 
04-07 11:52:16, Epoch 67 Val, MAE: 15.71, MSE: 67.15 Cost 206.9 sec
04-07 11:52:16, --------------------------------------------------Epoch:68/299--------------------------------------------------
04-07 12:03:25, Epoch 68 Train, reg:0.1176, RRC_stage1:0.1184, RRC_stage2:0.0879, mae:6.28, mse:21.66, Cost: 669.7 sec 
04-07 12:06:53, Epoch 68 Val, MAE: 15.27, MSE: 65.09 Cost 207.8 sec
04-07 12:06:53, --------------------------------------------------Epoch:69/299--------------------------------------------------
04-07 12:18:03, Epoch 69 Train, reg:0.1184, RRC_stage1:0.1144, RRC_stage2:0.0845, mae:6.12, mse:25.60, Cost: 670.2 sec 
04-07 12:21:31, Epoch 69 Val, MAE: 15.90, MSE: 68.78 Cost 207.5 sec
04-07 12:21:31, --------------------------------------------------Epoch:70/299--------------------------------------------------
04-07 12:32:41, Epoch 70 Train, reg:0.1200, RRC_stage1:0.1228, RRC_stage2:0.0919, mae:6.65, mse:23.88, Cost: 670.5 sec 
04-07 12:37:03, Epoch 70 Val, MAE: 16.19, MSE: 66.37 Cost 206.8 sec
04-07 12:37:03, --------------------------------------------------Epoch:71/299--------------------------------------------------
04-07 12:48:16, Epoch 71 Train, reg:0.1204, RRC_stage1:0.1136, RRC_stage2:0.0851, mae:6.63, mse:27.44, Cost: 672.9 sec 
04-07 12:51:44, Epoch 71 Val, MAE: 18.26, MSE: 74.62 Cost 207.9 sec
04-07 12:51:44, --------------------------------------------------Epoch:72/299--------------------------------------------------
04-07 13:02:57, Epoch 72 Train, reg:0.1208, RRC_stage1:0.1203, RRC_stage2:0.0889, mae:6.10, mse:21.58, Cost: 672.8 sec 
04-07 13:06:24, Epoch 72 Val, MAE: 17.21, MSE: 71.75 Cost 207.6 sec
04-07 13:06:24, --------------------------------------------------Epoch:73/299--------------------------------------------------
04-07 13:17:36, Epoch 73 Train, reg:0.1152, RRC_stage1:0.1125, RRC_stage2:0.0835, mae:5.13, mse:25.77, Cost: 671.8 sec 
04-07 13:21:04, Epoch 73 Val, MAE: 15.69, MSE: 67.45 Cost 207.7 sec
04-07 13:21:04, --------------------------------------------------Epoch:74/299--------------------------------------------------
04-07 13:32:16, Epoch 74 Train, reg:0.1150, RRC_stage1:0.1087, RRC_stage2:0.0825, mae:5.39, mse:29.50, Cost: 672.6 sec 
04-07 13:35:44, Epoch 74 Val, MAE: 19.32, MSE: 78.98 Cost 207.4 sec
04-07 13:35:44, --------------------------------------------------Epoch:75/299--------------------------------------------------
04-07 13:46:56, Epoch 75 Train, reg:0.1203, RRC_stage1:0.1109, RRC_stage2:0.0828, mae:8.66, mse:32.47, Cost: 672.3 sec 
04-07 13:51:06, Epoch 75 Val, MAE: 14.11, MSE: 63.77 Cost 208.9 sec
04-07 13:51:06, --------------------------------------------------Epoch:76/299--------------------------------------------------
04-07 14:02:17, Epoch 76 Train, reg:0.1216, RRC_stage1:0.1101, RRC_stage2:0.0830, mae:6.87, mse:24.12, Cost: 671.2 sec 
04-07 14:05:44, Epoch 76 Val, MAE: 14.90, MSE: 66.70 Cost 207.1 sec
04-07 14:05:44, --------------------------------------------------Epoch:77/299--------------------------------------------------
04-07 14:16:54, Epoch 77 Train, reg:0.1191, RRC_stage1:0.1064, RRC_stage2:0.0793, mae:6.25, mse:20.41, Cost: 670.4 sec 
04-07 14:20:22, Epoch 77 Val, MAE: 14.92, MSE: 68.10 Cost 207.4 sec
04-07 14:20:22, --------------------------------------------------Epoch:78/299--------------------------------------------------
04-07 14:31:34, Epoch 78 Train, reg:0.1240, RRC_stage1:0.1489, RRC_stage2:0.1177, mae:6.98, mse:29.51, Cost: 672.2 sec 
04-07 14:35:01, Epoch 78 Val, MAE: 19.49, MSE: 75.01 Cost 207.5 sec
04-07 14:35:02, --------------------------------------------------Epoch:79/299--------------------------------------------------
04-07 14:46:12, Epoch 79 Train, reg:0.1234, RRC_stage1:0.1922, RRC_stage2:0.1417, mae:6.54, mse:22.50, Cost: 670.1 sec 
04-07 14:49:39, Epoch 79 Val, MAE: 19.82, MSE: 80.61 Cost 207.5 sec
04-07 14:49:39, --------------------------------------------------Epoch:80/299--------------------------------------------------
04-07 15:01:06, Epoch 80 Train, reg:0.1298, RRC_stage1:0.1482, RRC_stage2:0.1138, mae:8.26, mse:21.76, Cost: 687.1 sec 
04-07 15:05:37, Epoch 80 Val, MAE: 16.28, MSE: 72.55 Cost 216.9 sec
04-07 15:05:37, --------------------------------------------------Epoch:81/299--------------------------------------------------
04-07 15:16:55, Epoch 81 Train, reg:0.1321, RRC_stage1:0.1357, RRC_stage2:0.1039, mae:14.43, mse:32.17, Cost: 677.5 sec 
04-07 15:20:23, Epoch 81 Val, MAE: 18.71, MSE: 79.62 Cost 208.7 sec
04-07 15:20:23, --------------------------------------------------Epoch:82/299--------------------------------------------------
04-07 15:31:38, Epoch 82 Train, reg:0.1311, RRC_stage1:0.1232, RRC_stage2:0.0927, mae:13.21, mse:27.90, Cost: 674.5 sec 
04-07 15:35:09, Epoch 82 Val, MAE: 16.38, MSE: 71.62 Cost 210.9 sec
04-07 15:35:09, --------------------------------------------------Epoch:83/299--------------------------------------------------
04-07 15:46:34, Epoch 83 Train, reg:0.1313, RRC_stage1:0.1234, RRC_stage2:0.0948, mae:13.40, mse:45.01, Cost: 685.3 sec 
04-07 15:50:04, Epoch 83 Val, MAE: 19.44, MSE: 79.46 Cost 210.0 sec
04-07 15:50:04, --------------------------------------------------Epoch:84/299--------------------------------------------------
04-07 16:01:26, Epoch 84 Train, reg:0.1290, RRC_stage1:0.1140, RRC_stage2:0.0861, mae:29.76, mse:71.68, Cost: 682.0 sec 
04-07 16:04:56, Epoch 84 Val, MAE: 19.21, MSE: 82.63 Cost 210.2 sec
04-07 16:04:56, --------------------------------------------------Epoch:85/299--------------------------------------------------
04-07 16:16:18, Epoch 85 Train, reg:0.1308, RRC_stage1:0.1180, RRC_stage2:0.0895, mae:23.30, mse:56.50, Cost: 681.9 sec 
04-07 16:20:31, Epoch 85 Val, MAE: 19.44, MSE: 82.24 Cost 209.4 sec
04-07 16:20:31, --------------------------------------------------Epoch:86/299--------------------------------------------------
04-07 16:31:53, Epoch 86 Train, reg:0.1291, RRC_stage1:0.1147, RRC_stage2:0.0863, mae:20.66, mse:48.61, Cost: 682.0 sec 
04-07 16:35:23, Epoch 86 Val, MAE: 16.95, MSE: 78.24 Cost 209.5 sec
04-07 16:35:23, --------------------------------------------------Epoch:87/299--------------------------------------------------
04-07 16:46:45, Epoch 87 Train, reg:0.1306, RRC_stage1:0.1140, RRC_stage2:0.0859, mae:13.96, mse:31.62, Cost: 682.4 sec 
04-07 16:50:15, Epoch 87 Val, MAE: 17.58, MSE: 81.93 Cost 209.7 sec
04-07 16:50:15, --------------------------------------------------Epoch:88/299--------------------------------------------------
04-07 17:01:38, Epoch 88 Train, reg:0.1286, RRC_stage1:0.1159, RRC_stage2:0.0882, mae:8.48, mse:26.00, Cost: 682.6 sec 
04-07 17:05:07, Epoch 88 Val, MAE: 19.04, MSE: 87.97 Cost 209.7 sec
04-07 17:05:07, --------------------------------------------------Epoch:89/299--------------------------------------------------
04-07 17:16:29, Epoch 89 Train, reg:0.1292, RRC_stage1:0.1155, RRC_stage2:0.0865, mae:14.40, mse:31.24, Cost: 681.9 sec 
04-07 17:19:59, Epoch 89 Val, MAE: 18.00, MSE: 77.70 Cost 209.8 sec
04-07 17:19:59, --------------------------------------------------Epoch:90/299--------------------------------------------------
04-07 17:31:22, Epoch 90 Train, reg:0.1302, RRC_stage1:0.1107, RRC_stage2:0.0849, mae:9.59, mse:20.50, Cost: 682.6 sec 
04-07 17:35:35, Epoch 90 Val, MAE: 17.06, MSE: 78.73 Cost 209.3 sec
04-07 17:35:35, --------------------------------------------------Epoch:91/299--------------------------------------------------
04-07 17:46:57, Epoch 91 Train, reg:0.1295, RRC_stage1:0.1168, RRC_stage2:0.0899, mae:8.97, mse:24.08, Cost: 682.0 sec 
04-07 17:50:28, Epoch 91 Val, MAE: 16.32, MSE: 73.27 Cost 211.1 sec
04-07 17:50:28, --------------------------------------------------Epoch:92/299--------------------------------------------------
04-07 18:01:48, Epoch 92 Train, reg:0.1283, RRC_stage1:0.1138, RRC_stage2:0.0861, mae:6.63, mse:29.66, Cost: 679.7 sec 
04-07 18:05:18, Epoch 92 Val, MAE: 17.21, MSE: 76.16 Cost 209.9 sec
04-07 18:05:18, --------------------------------------------------Epoch:93/299--------------------------------------------------
04-07 18:16:37, Epoch 93 Train, reg:0.1299, RRC_stage1:0.1253, RRC_stage2:0.0949, mae:10.67, mse:31.53, Cost: 679.8 sec 
04-07 18:20:07, Epoch 93 Val, MAE: 17.03, MSE: 76.22 Cost 209.9 sec
04-07 18:20:07, --------------------------------------------------Epoch:94/299--------------------------------------------------
04-07 18:31:26, Epoch 94 Train, reg:0.1287, RRC_stage1:0.1166, RRC_stage2:0.0873, mae:11.94, mse:29.90, Cost: 679.0 sec 
04-07 18:34:56, Epoch 94 Val, MAE: 16.15, MSE: 72.77 Cost 209.9 sec
04-07 18:34:56, --------------------------------------------------Epoch:95/299--------------------------------------------------
04-07 18:46:17, Epoch 95 Train, reg:0.1300, RRC_stage1:0.1177, RRC_stage2:0.0882, mae:10.63, mse:26.04, Cost: 680.7 sec 
04-07 18:50:32, Epoch 95 Val, MAE: 15.18, MSE: 70.12 Cost 209.2 sec
04-07 18:50:32, --------------------------------------------------Epoch:96/299--------------------------------------------------
04-07 19:01:52, Epoch 96 Train, reg:0.1271, RRC_stage1:0.1144, RRC_stage2:0.0879, mae:8.46, mse:26.07, Cost: 679.9 sec 
04-07 19:05:21, Epoch 96 Val, MAE: 16.51, MSE: 75.57 Cost 208.9 sec
04-07 19:05:21, --------------------------------------------------Epoch:97/299--------------------------------------------------
04-07 19:16:41, Epoch 97 Train, reg:0.1270, RRC_stage1:0.1109, RRC_stage2:0.0840, mae:7.38, mse:22.04, Cost: 680.0 sec 
04-07 19:20:11, Epoch 97 Val, MAE: 16.93, MSE: 75.54 Cost 210.3 sec
04-07 19:20:11, --------------------------------------------------Epoch:98/299--------------------------------------------------
04-07 19:31:31, Epoch 98 Train, reg:0.1289, RRC_stage1:0.1206, RRC_stage2:0.0883, mae:6.18, mse:20.92, Cost: 679.9 sec 
04-07 19:35:01, Epoch 98 Val, MAE: 17.18, MSE: 78.08 Cost 210.0 sec
04-07 19:35:01, --------------------------------------------------Epoch:99/299--------------------------------------------------
04-07 19:46:22, Epoch 99 Train, reg:0.1278, RRC_stage1:0.1131, RRC_stage2:0.0843, mae:7.11, mse:26.78, Cost: 681.2 sec 
04-07 19:49:52, Epoch 99 Val, MAE: 17.09, MSE: 73.30 Cost 209.5 sec
04-07 19:49:52, --------------------------------------------------Epoch:100/299--------------------------------------------------
04-07 20:01:16, Epoch 100 Train, reg:0.1277, RRC_stage1:0.1091, RRC_stage2:0.0819, mae:7.47, mse:26.25, Cost: 684.7 sec 
04-07 20:05:30, Epoch 100 Val, MAE: 16.79, MSE: 71.20 Cost 209.3 sec
04-07 20:05:30, --------------------------------------------------Epoch:101/299--------------------------------------------------
04-07 20:16:51, Epoch 101 Train, reg:0.1284, RRC_stage1:0.1133, RRC_stage2:0.0849, mae:6.76, mse:21.90, Cost: 681.0 sec 
04-07 20:20:20, Epoch 101 Val, MAE: 16.56, MSE: 73.49 Cost 208.8 sec
04-07 20:20:20, --------------------------------------------------Epoch:102/299--------------------------------------------------
04-07 20:31:42, Epoch 102 Train, reg:0.1269, RRC_stage1:0.1064, RRC_stage2:0.0809, mae:7.13, mse:21.93, Cost: 681.5 sec 
04-07 20:35:11, Epoch 102 Val, MAE: 15.51, MSE: 64.99 Cost 209.7 sec
04-07 20:35:11, --------------------------------------------------Epoch:103/299--------------------------------------------------
04-07 20:46:34, Epoch 103 Train, reg:0.1278, RRC_stage1:0.1153, RRC_stage2:0.0887, mae:6.46, mse:22.74, Cost: 683.1 sec 
04-07 20:50:05, Epoch 103 Val, MAE: 15.79, MSE: 69.54 Cost 210.4 sec
04-07 20:50:05, --------------------------------------------------Epoch:104/299--------------------------------------------------
04-07 21:01:21, Epoch 104 Train, reg:0.1276, RRC_stage1:0.1227, RRC_stage2:0.0927, mae:9.04, mse:21.61, Cost: 675.8 sec 
04-07 21:04:50, Epoch 104 Val, MAE: 16.35, MSE: 68.31 Cost 209.4 sec
04-07 21:04:50, --------------------------------------------------Epoch:105/299--------------------------------------------------
